[35m@monorepo-example/components:build: [0mcache hit, replaying output [2mae53916e001a7ab9[0m
[35m@monorepo-example/components:build: [0m
[35m@monorepo-example/components:build: [0m> @monorepo-example/components@ build /home/lukas/development/zelvik/monorepo-example/turbo/libs/components
[35m@monorepo-example/components:build: [0m> tsup --minify
[35m@monorepo-example/components:build: [0m
[35m@monorepo-example/components:build: [0mCLI Building entry: src/index.tsx
[35m@monorepo-example/components:build: [0mCLI Using tsconfig: tsconfig.json
[35m@monorepo-example/components:build: [0mCLI tsup v5.11.7
[35m@monorepo-example/components:build: [0mCLI Using tsup config: /home/lukas/development/zelvik/monorepo-example/turbo/libs/components/tsup.config.ts
[35m@monorepo-example/components:build: [0mCLI Target: node12
[35m@monorepo-example/components:build: [0mCLI Cleaning output folder
[35m@monorepo-example/components:build: [0mCJS Build start
[35m@monorepo-example/components:build: [0mESM You have emitDecoratorMetadata enabled but @swc/core was not installed, skipping swc plugin
[35m@monorepo-example/components:build: [0mESM Build start
[35m@monorepo-example/components:build: [0mESM You have emitDecoratorMetadata enabled but @swc/core was not installed, skipping swc plugin
[35m@monorepo-example/components:build: [0mCJS ⚡️ Build success in 19ms
[35m@monorepo-example/components:build: [0mESM ⚡️ Build success in 118ms
[35m@monorepo-example/components:build: [0mCJS dist/index.js 461.00 B
[35m@monorepo-example/components:build: [0mESM dist/index.mjs 202.00 B
[35m@monorepo-example/components:build: [0mDTS Build start
